<?xml version="1.0" encoding="UTF-8"?>
<testsuites name="Regression Test" time="34.667" tests="4" failures="0" errors="0">
   <testsuite name="Regression Test" tests="4" failures="0" errors="0" time="34.667" skipped="0" timestamp="2022-06-18 15:25:58" hostname="zatihulwani - 192.168.1.2" id="Test Suites/Regression Test">
      <properties>
         <property name="deviceName" value=""/>
         <property name="devicePlatform" value=""/>
         <property name="logFolder" value="/Users/zatihulwani/git/APITestingusingKatalon/Reports/20220618_152522/Regression Test/20220618_152522"/>
         <property name="logFiles" value="/Users/zatihulwani/git/APITestingusingKatalon/Reports/20220618_152522/Regression Test/20220618_152522/execution0.log"/>
         <property name="attachments" value=""/>
         <property name="hostName" value="zatihulwani - 192.168.1.2"/>
         <property name="hostAddress" value="192.168.1.2"/>
         <property name="os" value="Mac OS X 64bit"/>
         <property name="katalonVersion" value="8.3.5.208"/>
      </properties>
      <testcase name="Test Cases/TC01-Validation Response and Verify JSON Value" time="20.741" classname="Test Cases/TC01-Validation Response and Verify JSON Value" status="PASSED">
         <system-out><![CDATA[2022-06-18 15:25:59 - [TEST_CASE][PASSED] - Test Cases/TC01-Validation Response and Verify JSON Value: Test Cases/TC01-Validation Response and Verify JSON Value

2022-06-18 15:26:02 - [TEST_STEP][PASSED] - sendRequest(findTestObject("GET/Get List User")): Send request successfully

2022-06-18 15:26:16 - [MESSAGE][INFO] - HAR: /Users/zatihulwani/git/APITestingusingKatalon/Reports/20220618_152522/Regression Test/20220618_152522/requests/main/0.har

2022-06-18 15:26:16 - [MESSAGE][PASSED] - Send request successfully

2022-06-18 15:26:16 - [TEST_STEP][PASSED] - response = sendRequestAndVerify(findTestObject("GET/Get List User")): Send request and verify the response successfully

2022-06-18 15:26:17 - [MESSAGE][INFO] - HAR: /Users/zatihulwani/git/APITestingusingKatalon/Reports/20220618_152522/Regression Test/20220618_152522/requests/main/1.har

2022-06-18 15:26:17 - [TEST_CASE][PASSED] - Start Test Case : Verification: Verification accomplished successfully

2022-06-18 15:26:18 - [TEST_STEP][PASSED] - request = getInstance().getCurrentRequest(): null

2022-06-18 15:26:19 - [TEST_STEP][PASSED] - response = getInstance().getCurrentResponse(): null

2022-06-18 15:26:19 - [TEST_STEP][PASSED] - verifyResponseStatusCode(response, 200): Verify response status code successfully

2022-06-18 15:26:19 - [MESSAGE][PASSED] - Verify response status code successfully

2022-06-18 15:26:19 - [TEST_STEP][PASSED] - getStatusCode()).isEqualTo(200): null

2022-06-18 15:26:19 - [TEST_STEP][PASSED] - getStatusCode()).isIn(Arrays.asList(200, 201, 202)): null

2022-06-18 15:26:19 - [TEST_STEP][PASSED] - verifyElementPropertyValue(response, "data[4].first_name", "Charles"): Verify element property value successfully

2022-06-18 15:26:20 - [MESSAGE][PASSED] - Verify element property value successfully

2022-06-18 15:26:20 - [MESSAGE][PASSED] - Verify response successfully

2022-06-18 15:26:20 - [MESSAGE][PASSED] - Send request and verify the response successfully

2022-06-18 15:26:20 - [TEST_STEP][PASSED] - verifyResponseStatusCode(response, 200): Verify response status code successfully

2022-06-18 15:26:20 - [MESSAGE][PASSED] - Verify response status code successfully

2022-06-18 15:26:20 - [TEST_STEP][PASSED] - verifyElementsCount(response, "data.first_name", 6): Verify element count successfully

2022-06-18 15:26:20 - [MESSAGE][PASSED] - Verify element count successfully

2022-06-18 15:26:20 - [TEST_STEP][PASSED] - verifyElementPropertyValue(response, "data[4].first_name", "Charles"): Verify element property value successfully

2022-06-18 15:26:20 - [MESSAGE][PASSED] - Verify element property value successfully]]></system-out>
         <system-err><![CDATA[]]></system-err>
      </testcase>
      <testcase name="Test Cases/TC03-Validation Response Register Successfull" time="4.184" classname="Test Cases/TC03-Validation Response Register Successfull" status="PASSED">
         <system-out><![CDATA[2022-06-18 15:26:20 - [TEST_CASE][PASSED] - Test Cases/TC03-Validation Response Register Successfull: Test Cases/TC03-Validation Response Register Successfull

2022-06-18 15:26:22 - [TEST_STEP][PASSED] - sendRequest(findTestObject("POST/POST Register User Successful")): Send request successfully

2022-06-18 15:26:23 - [MESSAGE][INFO] - HAR: /Users/zatihulwani/git/APITestingusingKatalon/Reports/20220618_152522/Regression Test/20220618_152522/requests/main/2.har

2022-06-18 15:26:23 - [MESSAGE][PASSED] - Send request successfully

2022-06-18 15:26:23 - [TEST_STEP][PASSED] - response = sendRequestAndVerify(findTestObject("POST/POST Register User Successful")): Send request and verify the response successfully

2022-06-18 15:26:24 - [MESSAGE][INFO] - HAR: /Users/zatihulwani/git/APITestingusingKatalon/Reports/20220618_152522/Regression Test/20220618_152522/requests/main/3.har

2022-06-18 15:26:24 - [TEST_CASE][PASSED] - Start Test Case : Verification: Verification accomplished successfully

2022-06-18 15:26:24 - [TEST_STEP][PASSED] - request = getInstance().getCurrentRequest(): null

2022-06-18 15:26:24 - [TEST_STEP][PASSED] - response = getInstance().getCurrentResponse(): null

2022-06-18 15:26:24 - [TEST_STEP][PASSED] - verifyResponseStatusCode(response, 200): Verify response status code successfully

2022-06-18 15:26:24 - [MESSAGE][PASSED] - Verify response status code successfully

2022-06-18 15:26:24 - [TEST_STEP][PASSED] - getStatusCode()).isEqualTo(200): null

2022-06-18 15:26:24 - [TEST_STEP][PASSED] - getStatusCode()).isIn(Arrays.asList(200, 201, 202)): null

2022-06-18 15:26:24 - [MESSAGE][PASSED] - Verify response successfully

2022-06-18 15:26:24 - [MESSAGE][PASSED] - Send request and verify the response successfully

2022-06-18 15:26:24 - [TEST_STEP][PASSED] - verifyResponseStatusCode(response, 200): Verify response status code successfully

2022-06-18 15:26:24 - [MESSAGE][PASSED] - Verify response status code successfully]]></system-out>
         <system-err><![CDATA[]]></system-err>
      </testcase>
      <testcase name="Test Cases/TC02-Validation Response and Verify JSON Value" time="3.806" classname="Test Cases/TC02-Validation Response and Verify JSON Value" status="PASSED">
         <system-out><![CDATA[2022-06-18 15:26:24 - [TEST_CASE][PASSED] - Test Cases/TC02-Validation Response and Verify JSON Value: Test Cases/TC02-Validation Response and Verify JSON Value

2022-06-18 15:26:26 - [TEST_STEP][PASSED] - sendRequest(findTestObject("GET/Get Single User")): Send request successfully

2022-06-18 15:26:27 - [MESSAGE][INFO] - HAR: /Users/zatihulwani/git/APITestingusingKatalon/Reports/20220618_152522/Regression Test/20220618_152522/requests/main/4.har

2022-06-18 15:26:27 - [MESSAGE][PASSED] - Send request successfully

2022-06-18 15:26:27 - [TEST_STEP][PASSED] - response = sendRequestAndVerify(findTestObject("GET/Get Single User")): Send request and verify the response successfully

2022-06-18 15:26:27 - [MESSAGE][INFO] - HAR: /Users/zatihulwani/git/APITestingusingKatalon/Reports/20220618_152522/Regression Test/20220618_152522/requests/main/5.har

2022-06-18 15:26:27 - [TEST_CASE][PASSED] - Start Test Case : Verification: Verification accomplished successfully

2022-06-18 15:26:28 - [TEST_STEP][PASSED] - request = getInstance().getCurrentRequest(): null

2022-06-18 15:26:28 - [TEST_STEP][PASSED] - response = getInstance().getCurrentResponse(): null

2022-06-18 15:26:28 - [TEST_STEP][PASSED] - verifyResponseStatusCode(response, 200): Verify response status code successfully

2022-06-18 15:26:28 - [MESSAGE][PASSED] - Verify response status code successfully

2022-06-18 15:26:28 - [TEST_STEP][PASSED] - getStatusCode()).isEqualTo(200): null

2022-06-18 15:26:28 - [TEST_STEP][PASSED] - getStatusCode()).isIn(Arrays.asList(200, 201, 202)): null

2022-06-18 15:26:28 - [TEST_STEP][PASSED] - verifyElementPropertyValue(response, "data.first_name", "Janet"): Verify element property value successfully

2022-06-18 15:26:28 - [MESSAGE][PASSED] - Verify element property value successfully

2022-06-18 15:26:28 - [MESSAGE][PASSED] - Verify response successfully

2022-06-18 15:26:28 - [MESSAGE][PASSED] - Send request and verify the response successfully

2022-06-18 15:26:28 - [TEST_STEP][PASSED] - verifyResponseStatusCode(response, 200): Verify response status code successfully

2022-06-18 15:26:28 - [MESSAGE][PASSED] - Verify response status code successfully

2022-06-18 15:26:28 - [TEST_STEP][PASSED] - verifyElementsCount(response, "data.first_name", 5): Verify element count successfully

2022-06-18 15:26:28 - [MESSAGE][PASSED] - Verify element count successfully

2022-06-18 15:26:28 - [TEST_STEP][PASSED] - verifyElementPropertyValue(response, "data.first_name", "Janet"): Verify element property value successfully

2022-06-18 15:26:28 - [MESSAGE][PASSED] - Verify element property value successfully]]></system-out>
         <system-err><![CDATA[]]></system-err>
      </testcase>
      <testcase name="Test Cases/TC04-Validation Response Update User" time="3.872" classname="Test Cases/TC04-Validation Response Update User" status="PASSED">
         <system-out><![CDATA[2022-06-18 15:26:28 - [TEST_CASE][PASSED] - Test Cases/TC04-Validation Response Update User: Test Cases/TC04-Validation Response Update User

2022-06-18 15:26:30 - [TEST_STEP][PASSED] - sendRequest(findTestObject("PUT/PUT Update User")): Send request successfully

2022-06-18 15:26:31 - [MESSAGE][INFO] - HAR: /Users/zatihulwani/git/APITestingusingKatalon/Reports/20220618_152522/Regression Test/20220618_152522/requests/main/6.har

2022-06-18 15:26:31 - [MESSAGE][PASSED] - Send request successfully

2022-06-18 15:26:31 - [TEST_STEP][PASSED] - response = sendRequestAndVerify(findTestObject("PUT/PUT Update User")): Send request and verify the response successfully

2022-06-18 15:26:32 - [MESSAGE][INFO] - HAR: /Users/zatihulwani/git/APITestingusingKatalon/Reports/20220618_152522/Regression Test/20220618_152522/requests/main/7.har

2022-06-18 15:26:32 - [TEST_CASE][PASSED] - Start Test Case : Verification: Verification accomplished successfully

2022-06-18 15:26:32 - [TEST_STEP][PASSED] - request = getInstance().getCurrentRequest(): null

2022-06-18 15:26:32 - [TEST_STEP][PASSED] - response = getInstance().getCurrentResponse(): null

2022-06-18 15:26:32 - [TEST_STEP][PASSED] - verifyResponseStatusCode(response, 200): Verify response status code successfully

2022-06-18 15:26:32 - [MESSAGE][PASSED] - Verify response status code successfully

2022-06-18 15:26:32 - [TEST_STEP][PASSED] - getStatusCode()).isEqualTo(200): null

2022-06-18 15:26:32 - [TEST_STEP][PASSED] - getStatusCode()).isIn(Arrays.asList(200, 201, 202)): null

2022-06-18 15:26:32 - [MESSAGE][PASSED] - Verify response successfully

2022-06-18 15:26:32 - [MESSAGE][PASSED] - Send request and verify the response successfully

2022-06-18 15:26:32 - [TEST_STEP][PASSED] - verifyResponseStatusCode(response, 200): Verify response status code successfully

2022-06-18 15:26:32 - [MESSAGE][PASSED] - Verify response status code successfully]]></system-out>
         <system-err><![CDATA[]]></system-err>
      </testcase>
      <system-out><![CDATA[2022-06-18 15:25:58 - [TEST_SUITE][PASSED] - Regression Test: Test Cases/TC04-Validation Response Update User]]></system-out>
      <system-err><![CDATA[]]></system-err>
   </testsuite>
</testsuites>
