<?xml version="1.0" encoding="UTF-8"?>
<testsuites name="Regression Test" time="13.052" tests="5" failures="0" errors="0">
   <testsuite name="Regression Test" tests="5" failures="0" errors="0" time="13.052" skipped="0" timestamp="2023-05-31 21:08:13" hostname="zatihulwani - 192.168.1.5" id="Test Suites/Regression Test">
      <properties>
         <property name="deviceName" value=""/>
         <property name="devicePlatform" value=""/>
         <property name="logFolder" value="/Users/zatihulwani/git/APITestingusingKatalon/Reports/20230531_210808/Regression Test/20230531_210808"/>
         <property name="logFiles" value="/Users/zatihulwani/git/APITestingusingKatalon/Reports/20230531_210808/Regression Test/20230531_210808/execution0.log"/>
         <property name="attachments" value=""/>
         <property name="hostName" value="zatihulwani - 192.168.1.5"/>
         <property name="hostAddress" value="192.168.1.5"/>
         <property name="os" value="Mac OS X 64bit"/>
         <property name="katalonVersion" value="8.3.5.208"/>
      </properties>
      <testcase name="Test Cases/TC01-Validation Response and Verify JSON Value" time="4.955" classname="Test Cases/TC01-Validation Response and Verify JSON Value" status="PASSED">
         <system-out><![CDATA[2023-05-31 21:08:13 - [TEST_CASE][PASSED] - Test Cases/TC01-Validation Response and Verify JSON Value: Test Cases/TC01-Validation Response and Verify JSON Value

2023-05-31 21:08:14 - [TEST_STEP][PASSED] - sendRequest(findTestObject("GET/Get List User")): Send request successfully

2023-05-31 21:08:17 - [MESSAGE][INFO] - HAR: /Users/zatihulwani/git/APITestingusingKatalon/Reports/20230531_210808/Regression Test/20230531_210808/requests/main/0.har

2023-05-31 21:08:17 - [MESSAGE][PASSED] - Send request successfully

2023-05-31 21:08:17 - [TEST_STEP][PASSED] - response = sendRequestAndVerify(findTestObject("GET/Get List User")): Send request and verify the response successfully

2023-05-31 21:08:17 - [MESSAGE][INFO] - HAR: /Users/zatihulwani/git/APITestingusingKatalon/Reports/20230531_210808/Regression Test/20230531_210808/requests/main/1.har

2023-05-31 21:08:17 - [TEST_CASE][PASSED] - Start Test Case : Verification: Verification accomplished successfully

2023-05-31 21:08:18 - [TEST_STEP][PASSED] - request = getInstance().getCurrentRequest(): null

2023-05-31 21:08:18 - [TEST_STEP][PASSED] - response = getInstance().getCurrentResponse(): null

2023-05-31 21:08:18 - [TEST_STEP][PASSED] - verifyResponseStatusCode(response, 200): Verify response status code successfully

2023-05-31 21:08:18 - [MESSAGE][PASSED] - Verify response status code successfully

2023-05-31 21:08:18 - [TEST_STEP][PASSED] - getStatusCode()).isEqualTo(200): null

2023-05-31 21:08:18 - [TEST_STEP][PASSED] - getStatusCode()).isIn(Arrays.asList(200, 201, 202)): null

2023-05-31 21:08:18 - [TEST_STEP][PASSED] - verifyElementPropertyValue(response, "data[4].first_name", "Charles"): Verify element property value successfully

2023-05-31 21:08:18 - [MESSAGE][PASSED] - Verify element property value successfully

2023-05-31 21:08:18 - [MESSAGE][PASSED] - Verify response successfully

2023-05-31 21:08:18 - [MESSAGE][PASSED] - Send request and verify the response successfully

2023-05-31 21:08:18 - [TEST_STEP][PASSED] - verifyResponseStatusCode(response, 200): Verify response status code successfully

2023-05-31 21:08:18 - [MESSAGE][PASSED] - Verify response status code successfully

2023-05-31 21:08:18 - [TEST_STEP][PASSED] - verifyElementsCount(response, "data.first_name", 6): Verify element count successfully

2023-05-31 21:08:18 - [MESSAGE][PASSED] - Verify element count successfully

2023-05-31 21:08:18 - [TEST_STEP][PASSED] - verifyElementPropertyValue(response, "data[4].first_name", "Charles"): Verify element property value successfully

2023-05-31 21:08:18 - [MESSAGE][PASSED] - Verify element property value successfully]]></system-out>
         <system-err><![CDATA[]]></system-err>
      </testcase>
      <testcase name="Test Cases/TC03-Validation Response Register Successfull" time="2.582" classname="Test Cases/TC03-Validation Response Register Successfull" status="PASSED">
         <system-out><![CDATA[2023-05-31 21:08:18 - [TEST_CASE][PASSED] - Test Cases/TC03-Validation Response Register Successfull: Test Cases/TC03-Validation Response Register Successfull

2023-05-31 21:08:19 - [TEST_STEP][PASSED] - sendRequest(findTestObject("POST/POST Register User Successful")): Send request successfully

2023-05-31 21:08:20 - [MESSAGE][INFO] - HAR: /Users/zatihulwani/git/APITestingusingKatalon/Reports/20230531_210808/Regression Test/20230531_210808/requests/main/2.har

2023-05-31 21:08:20 - [MESSAGE][PASSED] - Send request successfully

2023-05-31 21:08:20 - [TEST_STEP][PASSED] - response = sendRequestAndVerify(findTestObject("POST/POST Register User Successful")): Send request and verify the response successfully

2023-05-31 21:08:20 - [MESSAGE][INFO] - HAR: /Users/zatihulwani/git/APITestingusingKatalon/Reports/20230531_210808/Regression Test/20230531_210808/requests/main/3.har

2023-05-31 21:08:21 - [TEST_CASE][PASSED] - Start Test Case : Verification: Verification accomplished successfully

2023-05-31 21:08:21 - [TEST_STEP][PASSED] - request = getInstance().getCurrentRequest(): null

2023-05-31 21:08:21 - [TEST_STEP][PASSED] - response = getInstance().getCurrentResponse(): null

2023-05-31 21:08:21 - [TEST_STEP][PASSED] - verifyResponseStatusCode(response, 200): Verify response status code successfully

2023-05-31 21:08:21 - [MESSAGE][PASSED] - Verify response status code successfully

2023-05-31 21:08:21 - [TEST_STEP][PASSED] - getStatusCode()).isEqualTo(200): null

2023-05-31 21:08:21 - [TEST_STEP][PASSED] - getStatusCode()).isIn(Arrays.asList(200, 201, 202)): null

2023-05-31 21:08:21 - [MESSAGE][PASSED] - Verify response successfully

2023-05-31 21:08:21 - [MESSAGE][PASSED] - Send request and verify the response successfully

2023-05-31 21:08:21 - [TEST_STEP][PASSED] - verifyResponseStatusCode(response, 200): Verify response status code successfully

2023-05-31 21:08:21 - [MESSAGE][PASSED] - Verify response status code successfully]]></system-out>
         <system-err><![CDATA[]]></system-err>
      </testcase>
      <testcase name="Test Cases/TC02-Validation Response and Verify JSON Value" time="1.236" classname="Test Cases/TC02-Validation Response and Verify JSON Value" status="PASSED">
         <system-out><![CDATA[2023-05-31 21:08:21 - [TEST_CASE][PASSED] - Test Cases/TC02-Validation Response and Verify JSON Value: Test Cases/TC02-Validation Response and Verify JSON Value

2023-05-31 21:08:21 - [TEST_STEP][PASSED] - sendRequest(findTestObject("GET/Get Single User")): Send request successfully

2023-05-31 21:08:21 - [MESSAGE][INFO] - HAR: /Users/zatihulwani/git/APITestingusingKatalon/Reports/20230531_210808/Regression Test/20230531_210808/requests/main/4.har

2023-05-31 21:08:21 - [MESSAGE][PASSED] - Send request successfully

2023-05-31 21:08:21 - [TEST_STEP][PASSED] - response = sendRequestAndVerify(findTestObject("GET/Get Single User")): Send request and verify the response successfully

2023-05-31 21:08:22 - [MESSAGE][INFO] - HAR: /Users/zatihulwani/git/APITestingusingKatalon/Reports/20230531_210808/Regression Test/20230531_210808/requests/main/5.har

2023-05-31 21:08:22 - [TEST_CASE][PASSED] - Start Test Case : Verification: Verification accomplished successfully

2023-05-31 21:08:22 - [TEST_STEP][PASSED] - request = getInstance().getCurrentRequest(): null

2023-05-31 21:08:22 - [TEST_STEP][PASSED] - response = getInstance().getCurrentResponse(): null

2023-05-31 21:08:22 - [TEST_STEP][PASSED] - verifyResponseStatusCode(response, 200): Verify response status code successfully

2023-05-31 21:08:22 - [MESSAGE][PASSED] - Verify response status code successfully

2023-05-31 21:08:22 - [TEST_STEP][PASSED] - getStatusCode()).isEqualTo(200): null

2023-05-31 21:08:22 - [TEST_STEP][PASSED] - getStatusCode()).isIn(Arrays.asList(200, 201, 202)): null

2023-05-31 21:08:22 - [TEST_STEP][PASSED] - verifyElementPropertyValue(response, "data.first_name", "Janet"): Verify element property value successfully

2023-05-31 21:08:22 - [MESSAGE][PASSED] - Verify element property value successfully

2023-05-31 21:08:22 - [MESSAGE][PASSED] - Verify response successfully

2023-05-31 21:08:22 - [MESSAGE][PASSED] - Send request and verify the response successfully

2023-05-31 21:08:22 - [TEST_STEP][PASSED] - verifyResponseStatusCode(response, 200): Verify response status code successfully

2023-05-31 21:08:22 - [MESSAGE][PASSED] - Verify response status code successfully

2023-05-31 21:08:22 - [TEST_STEP][PASSED] - verifyElementsCount(response, "data.first_name", 5): Verify element count successfully

2023-05-31 21:08:22 - [MESSAGE][PASSED] - Verify element count successfully

2023-05-31 21:08:22 - [TEST_STEP][PASSED] - verifyElementPropertyValue(response, "data.first_name", "Janet"): Verify element property value successfully

2023-05-31 21:08:22 - [MESSAGE][PASSED] - Verify element property value successfully]]></system-out>
         <system-err><![CDATA[]]></system-err>
      </testcase>
      <testcase name="Test Cases/TC04-Validation Response Update User" time="1.834" classname="Test Cases/TC04-Validation Response Update User" status="PASSED">
         <system-out><![CDATA[2023-05-31 21:08:22 - [TEST_CASE][PASSED] - Test Cases/TC04-Validation Response Update User: Test Cases/TC04-Validation Response Update User

2023-05-31 21:08:22 - [TEST_STEP][PASSED] - sendRequest(findTestObject("PUT/PUT Update User")): Send request successfully

2023-05-31 21:08:23 - [MESSAGE][INFO] - HAR: /Users/zatihulwani/git/APITestingusingKatalon/Reports/20230531_210808/Regression Test/20230531_210808/requests/main/6.har

2023-05-31 21:08:23 - [MESSAGE][PASSED] - Send request successfully

2023-05-31 21:08:23 - [TEST_STEP][PASSED] - response = sendRequestAndVerify(findTestObject("PUT/PUT Update User")): Send request and verify the response successfully

2023-05-31 21:08:24 - [MESSAGE][INFO] - HAR: /Users/zatihulwani/git/APITestingusingKatalon/Reports/20230531_210808/Regression Test/20230531_210808/requests/main/7.har

2023-05-31 21:08:24 - [TEST_CASE][PASSED] - Start Test Case : Verification: Verification accomplished successfully

2023-05-31 21:08:24 - [TEST_STEP][PASSED] - request = getInstance().getCurrentRequest(): null

2023-05-31 21:08:24 - [TEST_STEP][PASSED] - response = getInstance().getCurrentResponse(): null

2023-05-31 21:08:24 - [TEST_STEP][PASSED] - verifyResponseStatusCode(response, 200): Verify response status code successfully

2023-05-31 21:08:24 - [MESSAGE][PASSED] - Verify response status code successfully

2023-05-31 21:08:24 - [TEST_STEP][PASSED] - getStatusCode()).isEqualTo(200): null

2023-05-31 21:08:24 - [TEST_STEP][PASSED] - getStatusCode()).isIn(Arrays.asList(200, 201, 202)): null

2023-05-31 21:08:24 - [MESSAGE][PASSED] - Verify response successfully

2023-05-31 21:08:24 - [MESSAGE][PASSED] - Send request and verify the response successfully

2023-05-31 21:08:24 - [TEST_STEP][PASSED] - verifyResponseStatusCode(response, 200): Verify response status code successfully

2023-05-31 21:08:24 - [MESSAGE][PASSED] - Verify response status code successfully]]></system-out>
         <system-err><![CDATA[]]></system-err>
      </testcase>
      <testcase name="Test Cases/TC05-Validation Response Delete User" time="1.873" classname="Test Cases/TC05-Validation Response Delete User" status="PASSED">
         <system-out><![CDATA[2023-05-31 21:08:24 - [TEST_CASE][PASSED] - Test Cases/TC05-Validation Response Delete User: Test Cases/TC05-Validation Response Delete User

2023-05-31 21:08:24 - [TEST_STEP][PASSED] - sendRequest(findTestObject("DELETE/DELETE User")): Send request successfully

2023-05-31 21:08:25 - [MESSAGE][INFO] - HAR: /Users/zatihulwani/git/APITestingusingKatalon/Reports/20230531_210808/Regression Test/20230531_210808/requests/main/8.har

2023-05-31 21:08:25 - [MESSAGE][PASSED] - Send request successfully

2023-05-31 21:08:25 - [TEST_STEP][PASSED] - response = sendRequestAndVerify(findTestObject("DELETE/DELETE User")): Send request and verify the response successfully

2023-05-31 21:08:25 - [MESSAGE][INFO] - HAR: /Users/zatihulwani/git/APITestingusingKatalon/Reports/20230531_210808/Regression Test/20230531_210808/requests/main/9.har

2023-05-31 21:08:26 - [TEST_CASE][PASSED] - Start Test Case : Verification: Verification accomplished successfully

2023-05-31 21:08:26 - [TEST_STEP][PASSED] - request = getInstance().getCurrentRequest(): null

2023-05-31 21:08:26 - [TEST_STEP][PASSED] - response = getInstance().getCurrentResponse(): null

2023-05-31 21:08:26 - [MESSAGE][PASSED] - Verify response successfully

2023-05-31 21:08:26 - [MESSAGE][PASSED] - Send request and verify the response successfully

2023-05-31 21:08:26 - [TEST_STEP][PASSED] - verifyResponseStatusCode(response, 204): Verify response status code successfully

2023-05-31 21:08:26 - [MESSAGE][PASSED] - Verify response status code successfully]]></system-out>
         <system-err><![CDATA[]]></system-err>
      </testcase>
      <system-out><![CDATA[2023-05-31 21:08:13 - [TEST_SUITE][PASSED] - Regression Test: Test Cases/TC05-Validation Response Delete User]]></system-out>
      <system-err><![CDATA[]]></system-err>
   </testsuite>
</testsuites>
